Copyright 1986-2022 Xilinx, Inc. All Rights Reserved. Copyright 2022-2025 Advanced Micro Devices, Inc. All Rights Reserved.
---------------------------------------------------------------------------------------------------------------------------------------------
| Tool Version : Vivado v.2025.1 (win64) Build 6140274 Thu May 22 00:12:29 MDT 2025
| Date         : Tue May 26 00:15:16 2026
| Host         : Trong_Hieu running 64-bit major release  (build 9200)
| Command      : report_utilization -file design_1_wrapper_utilization_placed.rpt -pb design_1_wrapper_utilization_placed.pb
| Design       : design_1_wrapper
| Device       : xck26-sfvc784-2LV-c
| Speed File   : -2LV
| Design State : Fully Placed
---------------------------------------------------------------------------------------------------------------------------------------------

Utilization Design Information

Table of Contents
-----------------
1. CLB Logic
1.1 Summary of Registers by Type
2. CLB Logic Distribution
3. BLOCKRAM
4. ARITHMETIC
5. I/O
6. CLOCK
7. ADVANCED
8. CONFIGURATION
9. Primitives
10. Black Boxes
11. Instantiated Netlists

1. CLB Logic
------------

+----------------------------+-------+-------+------------+-----------+-------+
|          Site Type         |  Used | Fixed | Prohibited | Available | Util% |
+----------------------------+-------+-------+------------+-----------+-------+
| CLB LUTs                   | 22348 |     0 |          0 |    117120 | 19.08 |
|   LUT as Logic             | 19813 |     0 |          0 |    117120 | 16.92 |
|   LUT as Memory            |  2535 |     0 |          0 |     57600 |  4.40 |
|     LUT as Distributed RAM |  1454 |     0 |            |           |       |
|     LUT as Shift Register  |  1081 |     0 |            |           |       |
| CLB Registers              | 29752 |     0 |          0 |    234240 | 12.70 |
|   Register as Flip Flop    | 29752 |     0 |          0 |    234240 | 12.70 |
|   Register as Latch        |     0 |     0 |          0 |    234240 |  0.00 |
| CARRY8                     |   118 |     0 |          0 |     14640 |  0.81 |
| F7 Muxes                   |   168 |     0 |          0 |     58560 |  0.29 |
| F8 Muxes                   |    11 |     0 |          0 |     29280 |  0.04 |
| F9 Muxes                   |     0 |     0 |          0 |     14640 |  0.00 |
+----------------------------+-------+-------+------------+-----------+-------+
* Warning! LUT value is adjusted to account for LUT combining.


1.1 Summary of Registers by Type
--------------------------------

+-------+--------------+-------------+--------------+
| Total | Clock Enable | Synchronous | Asynchronous |
+-------+--------------+-------------+--------------+
| 0     |            _ |           - |            - |
| 0     |            _ |           - |          Set |
| 0     |            _ |           - |        Reset |
| 0     |            _ |         Set |            - |
| 0     |            _ |       Reset |            - |
| 0     |          Yes |           - |            - |
| 2     |          Yes |           - |          Set |
| 5200  |          Yes |           - |        Reset |
| 613   |          Yes |         Set |            - |
| 23937 |          Yes |       Reset |            - |
+-------+--------------+-------------+--------------+


2. CLB Logic Distribution
-------------------------

+--------------------------------------------+-------+-------+------------+-----------+-------+
|                  Site Type                 |  Used | Fixed | Prohibited | Available | Util% |
+--------------------------------------------+-------+-------+------------+-----------+-------+
| CLB                                        |  5374 |     0 |          0 |     14640 | 36.71 |
|   CLBL                                     |  2413 |     0 |            |           |       |
|   CLBM                                     |  2961 |     0 |            |           |       |
| LUT as Logic                               | 19813 |     0 |          0 |    117120 | 16.92 |
|   using O5 output only                     |   597 |       |            |           |       |
|   using O6 output only                     | 14164 |       |            |           |       |
|   using O5 and O6                          |  5052 |       |            |           |       |
| LUT as Memory                              |  2535 |     0 |          0 |     57600 |  4.40 |
|   LUT as Distributed RAM                   |  1454 |     0 |            |           |       |
|     using O5 output only                   |     0 |       |            |           |       |
|     using O6 output only                   |     6 |       |            |           |       |
|     using O5 and O6                        |  1448 |       |            |           |       |
|   LUT as Shift Register                    |  1081 |     0 |            |           |       |
|     using O5 output only                   |     0 |       |            |           |       |
|     using O6 output only                   |   758 |       |            |           |       |
|     using O5 and O6                        |   323 |       |            |           |       |
| CLB Registers                              | 29752 |     0 |          0 |    234240 | 12.70 |
|   Register driven from within the CLB      | 14386 |       |            |           |       |
|   Register driven from outside the CLB     | 15366 |       |            |           |       |
|     LUT in front of the register is unused | 12218 |       |            |           |       |
|     LUT in front of the register is used   |  3148 |       |            |           |       |
| Unique Control Sets                        |  1315 |       |          0 |     29280 |  4.49 |
+--------------------------------------------+-------+-------+------------+-----------+-------+
* * Note: Available Control Sets calculated as Slices * 2, Review the Control Sets Report for more information regarding control sets.


3. BLOCKRAM
-----------

+-------------------+------+-------+------------+-----------+-------+
|     Site Type     | Used | Fixed | Prohibited | Available | Util% |
+-------------------+------+-------+------------+-----------+-------+
| Block RAM Tile    |   60 |     0 |          0 |       144 | 41.67 |
|   RAMB36/FIFO*    |   57 |     0 |          0 |       144 | 39.58 |
|     RAMB36E2 only |   57 |       |            |           |       |
|   RAMB18          |    6 |     0 |          0 |       288 |  2.08 |
|     RAMB18E2 only |    6 |       |            |           |       |
| URAM              |    0 |     0 |          0 |        64 |  0.00 |
+-------------------+------+-------+------------+-----------+-------+
* Note: Each Block RAM Tile only has one FIFO logic available and therefore can accommodate only one FIFO36E2 or one FIFO18E2. However, if a FIFO18E2 occupies a Block RAM Tile, that tile can still accommodate a RAMB18E2


4. ARITHMETIC
-------------

+----------------+------+-------+------------+-----------+-------+
|    Site Type   | Used | Fixed | Prohibited | Available | Util% |
+----------------+------+-------+------------+-----------+-------+
| DSPs           |  260 |     0 |          0 |      1248 | 20.83 |
|   DSP48E2 only |  260 |       |            |           |       |
+----------------+------+-------+------------+-----------+-------+


5. I/O
------

+------------------+------+-------+------------+-----------+-------+
|     Site Type    | Used | Fixed | Prohibited | Available | Util% |
+------------------+------+-------+------------+-----------+-------+
| Bonded IOB       |    0 |     0 |          0 |       189 |  0.00 |
|   HPIOB_M        |    0 |     0 |          0 |        58 |  0.00 |
|   HPIOB_S        |    0 |     0 |          0 |        58 |  0.00 |
|   HDIOB_M        |    0 |     0 |          0 |        35 |  0.00 |
|   HDIOB_S        |    0 |     0 |          0 |        35 |  0.00 |
|   HPIOB_SNGL     |    0 |     0 |          0 |         3 |  0.00 |
| HPIOBDIFFINBUF   |    0 |     0 |          0 |        82 |  0.00 |
| HPIOBDIFFOUTBUF  |    0 |     0 |          0 |        82 |  0.00 |
| HDIOBDIFFINBUF   |    0 |     0 |          0 |        35 |  0.00 |
| BITSLICE_CONTROL |    0 |     0 |          0 |        32 |  0.00 |
| BITSLICE_RX_TX   |    0 |     0 |          0 |      1248 |  0.00 |
| BITSLICE_TX      |    0 |     0 |          0 |        32 |  0.00 |
| RIU_OR           |    0 |     0 |          0 |        16 |  0.00 |
+------------------+------+-------+------------+-----------+-------+


6. CLOCK
--------

+------------+------+-------+------------+-----------+-------+
|  Site Type | Used | Fixed | Prohibited | Available | Util% |
+------------+------+-------+------------+-----------+-------+
| BUFGCE     |    1 |     0 |          0 |       112 |  0.89 |
| BUFGCE_DIV |    0 |     0 |          0 |        16 |  0.00 |
| BUFG_GT    |    0 |     0 |          0 |        96 |  0.00 |
| BUFG_PS    |    1 |     0 |          0 |        96 |  1.04 |
| BUFGCTRL*  |    0 |     0 |          0 |        32 |  0.00 |
| PLL        |    0 |     0 |          0 |         8 |  0.00 |
| MMCM       |    0 |     0 |          0 |         4 |  0.00 |
+------------+------+-------+------------+-----------+-------+
* Note: Each used BUFGCTRL counts as two GLOBAL CLOCK BUFFERs. This table does not include global clocking resources, only buffer cell usage. See the Clock Utilization Report (report_clock_utilization) for detailed accounting of global clocking resource availability.


7. ADVANCED
-----------

+-----------------+------+-------+------------+-----------+--------+
|    Site Type    | Used | Fixed | Prohibited | Available |  Util% |
+-----------------+------+-------+------------+-----------+--------+
| GTHE4_CHANNEL   |    0 |     0 |          0 |         4 |   0.00 |
| GTHE4_COMMON    |    0 |     0 |          0 |         1 |   0.00 |
| OBUFDS_GTE4     |    0 |     0 |          0 |         2 |   0.00 |
| OBUFDS_GTE4_ADV |    0 |     0 |          0 |         2 |   0.00 |
| PCIE40E4        |    0 |     0 |          0 |         2 |   0.00 |
| PS8             |    1 |     0 |          0 |         1 | 100.00 |
| SYSMONE4        |    0 |     0 |          0 |         1 |   0.00 |
| VCU             |    0 |     0 |          0 |         1 |   0.00 |
+-----------------+------+-------+------------+-----------+--------+


8. CONFIGURATION
----------------

+-------------+------+-------+------------+-----------+-------+
|  Site Type  | Used | Fixed | Prohibited | Available | Util% |
+-------------+------+-------+------------+-----------+-------+
| BSCANE2     |    0 |     0 |          0 |         4 |  0.00 |
| DNA_PORTE2  |    0 |     0 |          0 |         1 |  0.00 |
| EFUSE_USR   |    0 |     0 |          0 |         1 |  0.00 |
| FRAME_ECCE4 |    0 |     0 |          0 |         1 |  0.00 |
| ICAPE3      |    0 |     0 |          0 |         2 |  0.00 |
| MASTER_JTAG |    0 |     0 |          0 |         1 |  0.00 |
| STARTUPE3   |    0 |     0 |          0 |         1 |  0.00 |
+-------------+------+-------+------------+-----------+-------+


9. Primitives
-------------

+----------+-------+---------------------+
| Ref Name |  Used | Functional Category |
+----------+-------+---------------------+
| FDRE     | 23937 |            Register |
| LUT3     |  7800 |                 CLB |
| LUT6     |  7348 |                 CLB |
| FDCE     |  5200 |            Register |
| LUT5     |  4372 |                 CLB |
| LUT4     |  2541 |                 CLB |
| RAMD32   |  2540 |                 CLB |
| LUT2     |  2428 |                 CLB |
| SRL16E   |  1001 |                 CLB |
| FDSE     |   613 |            Register |
| SRLC32E  |   403 |                 CLB |
| LUT1     |   376 |                 CLB |
| RAMS32   |   362 |                 CLB |
| DSP48E2  |   260 |          Arithmetic |
| MUXF7    |   168 |                 CLB |
| CARRY8   |   118 |                 CLB |
| RAMB36E2 |    57 |            BLOCKRAM |
| MUXF8    |    11 |                 CLB |
| RAMB18E2 |     6 |            BLOCKRAM |
| FDPE     |     2 |            Register |
| PS8      |     1 |            Advanced |
| BUFG_PS  |     1 |               Clock |
| BUFGCE   |     1 |               Clock |
+----------+-------+---------------------+


10. Black Boxes
---------------

+----------+------+
| Ref Name | Used |
+----------+------+


11. Instantiated Netlists
-------------------------

+------------------------------+------+
|           Ref Name           | Used |
+------------------------------+------+
| design_1_zynq_ultra_ps_e_0_0 |    1 |
| design_1_smartconnect_0_2    |    1 |
| design_1_smartconnect_0_1    |    1 |
| design_1_smartconnect_0_0    |    1 |
| design_1_rst_ps8_0_99M_0     |    1 |
| design_1_myip_0_0            |    1 |
| design_1_axi_smc_0           |    1 |
| design_1_axi_dma_1_0         |    1 |
| design_1_axi_dma_0_0         |    1 |
+------------------------------+------+


