INFO: [VRFC 10-2263] Analyzing Verilog file "D:/Hoc_Tap/Dai_hoc/HK6/SoC/Nhap3/sys/sys.srcs/sources_1/new/accelerator_top.v" into library xil_defaultlib
INFO: [VRFC 10-311] analyzing module accelerator_top
INFO: [VRFC 10-2263] Analyzing Verilog file "D:/Hoc_Tap/Dai_hoc/HK6/SoC/Nhap3/sys/sys.srcs/sources_1/imports/sources_1/imports/new/controller.v" into library xil_defaultlib
INFO: [VRFC 10-311] analyzing module controller
INFO: [VRFC 10-2263] Analyzing Verilog file "D:/Hoc_Tap/Dai_hoc/HK6/SoC/Nhap3/sys/sys.srcs/sources_1/imports/sources_1/imports/new/input_fifo.v" into library xil_defaultlib
INFO: [VRFC 10-311] analyzing module input_fifo
INFO: [VRFC 10-2263] Analyzing Verilog file "D:/Hoc_Tap/Dai_hoc/HK6/SoC/Nhap3/sys/sys.srcs/sources_1/imports/sources_1/imports/new/output_fifo.v" into library xil_defaultlib
INFO: [VRFC 10-311] analyzing module output_fifo
INFO: [VRFC 10-2263] Analyzing Verilog file "D:/Hoc_Tap/Dai_hoc/HK6/SoC/Nhap3/sys/sys.srcs/sources_1/imports/sources_1/imports/new/pe.v" into library xil_defaultlib
INFO: [VRFC 10-311] analyzing module pe
INFO: [VRFC 10-2263] Analyzing Verilog file "D:/Hoc_Tap/Dai_hoc/HK6/SoC/Nhap3/sys/sys.srcs/sources_1/imports/sources_1/imports/new/pe_grid.v" into library xil_defaultlib
INFO: [VRFC 10-311] analyzing module pe_grid
INFO: [VRFC 10-2263] Analyzing Verilog file "D:/Hoc_Tap/Dai_hoc/HK6/SoC/Nhap3/sys/sys.srcs/sources_1/imports/sources_1/imports/new/systolic_array.v" into library xil_defaultlib
INFO: [VRFC 10-311] analyzing module systolic_array
INFO: [VRFC 10-2263] Analyzing Verilog file "D:/Hoc_Tap/Dai_hoc/HK6/SoC/Nhap3/sys/sys.srcs/sources_1/new/tdp_bram.v" into library xil_defaultlib
INFO: [VRFC 10-311] analyzing module tdp_bram
INFO: [VRFC 10-2263] Analyzing Verilog file "D:/Hoc_Tap/Dai_hoc/HK6/SoC/Nhap3/sys/sys.srcs/sources_1/imports/sources_1/imports/new/tilling_agu.v" into library xil_defaultlib
INFO: [VRFC 10-311] analyzing module tiling_agu
INFO: [VRFC 10-2263] Analyzing Verilog file "D:/Hoc_Tap/Dai_hoc/HK6/SoC/Nhap3/sys/sys.srcs/sources_1/imports/sources_1/imports/new/weight_fifo.v" into library xil_defaultlib
INFO: [VRFC 10-311] analyzing module weight_fifo
INFO: [VRFC 10-2263] Analyzing Verilog file "D:/Hoc_Tap/Dai_hoc/HK6/SoC/Nhap3/sys/sys.srcs/sources_1/new/tb_accelerator_top.v" into library xil_defaultlib
INFO: [VRFC 10-311] analyzing module tb_accelerator_top
INFO: [VRFC 10-2263] Analyzing Verilog file "D:/Hoc_Tap/Dai_hoc/HK6/SoC/Nhap3/sys/sys.sim/sim_1/behav/xsim/glbl.v" into library xil_defaultlib
INFO: [VRFC 10-311] analyzing module glbl
