Time resolution is 1 ps
==================================================
[0] Resetting System...
   [RAW PE SNOOP 5000] Data directly out of PE (Before Delay): 000000000000000000000000000000000000000000000000000000000000000000000000000000000000000000000000000000000000000000000000xxxxxxxx
   [RAW PE SNOOP 15000] Data directly out of PE (Before Delay): 000000000000000000000000000000000000000000000000000000000000000000000000000000000000000000000000000000000000000000000000xxxxxxxx
   [RAW PE SNOOP 25000] Data directly out of PE (Before Delay): 000000000000000000000000000000000000000000000000000000000000000000000000000000000000000000000000000000000000000000000000xxxxxxxx
   [RAW PE SNOOP 35000] Data directly out of PE (Before Delay): 000000000000000000000000000000000000000000000000000000000000000000000000000000000000000000000000000000000000000000000000xxxxxxxx
   [RAW PE SNOOP 45000] Data directly out of PE (Before Delay): 000000000000000000000000000000000000000000000000000000000000000000000000000000000000000000000000000000000000000000000000xxxxxxxx
   [RAW PE SNOOP 55000] Data directly out of PE (Before Delay): 000000000000000000000000000000000000000000000000000000000000000000000000000000000000000000000000000000000000000000000000xxxxxxxx
   [RAW PE SNOOP 65000] Data directly out of PE (Before Delay): 000000000000000000000000000000000000000000000000000000000000000000000000000000000000000000000000000000000000000000000000xxxxxxxx
   [RAW PE SNOOP 75000] Data directly out of PE (Before Delay): 000000000000000000000000000000000000000000000000000000000000000000000000000000000000000000000000000000000000000000000000xxxxxxxx
   [RAW PE SNOOP 85000] Data directly out of PE (Before Delay): 000000000000000000000000000000000000000000000000000000000000000000000000000000000000000000000000000000000000000000000000xxxxxxxx
   [RAW PE SNOOP 95000] Data directly out of PE (Before Delay): 000000000000000000000000000000000000000000000000000000000000000000000000000000000000000000000000000000000000000000000000xxxxxxxx
   [RAW PE SNOOP 105000] Data directly out of PE (Before Delay): 000000000000000000000000000000000000000000000000000000000000000000000000000000000000000000000000000000000000000000000000xxxxxxxx
   [RAW PE SNOOP 115000] Data directly out of PE (Before Delay): 000000000000000000000000000000000000000000000000000000000000000000000000000000000000000000000000000000000000000000000000xxxxxxxx
   [RAW PE SNOOP 125000] Data directly out of PE (Before Delay): 000000000000000000000000000000000000000000000000000000000000000000000000000000000000000000000000000000000000000000000000xxxxxxxx
   [RAW PE SNOOP 135000] Data directly out of PE (Before Delay): 000000000000000000000000000000000000000000000000000000000000000000000000000000000000000000000000000000000000000000000000xxxxxxxx
   [RAW PE SNOOP 145000] Data directly out of PE (Before Delay): 000000000000000000000000000000000000000000000000000000000000000000000000000000000000000000000000000000000000000000000000xxxxxxxx
   [RAW PE SNOOP 155000] Data directly out of PE (Before Delay): 00000000000000000000000000000000000000000000000000000000000000000000000000000000000000000000000000000000000000000000000000000000
   [RAW PE SNOOP 165000] Data directly out of PE (Before Delay): 00000000000000000000000000000000000000000000000000000000000000000000000000000000000000000000000000000000000000000000000000000000
   [RAW PE SNOOP 175000] Data directly out of PE (Before Delay): 00000000000000000000000000000000000000000000000000000000000000000000000000000000000000000000000000000000000000000000000000000000
   [RAW PE SNOOP 185000] Data directly out of PE (Before Delay): 00000000000000000000000000000000000000000000000000000000000000000000000000000000000000000000000000000000000000000000000000000000
   [RAW PE SNOOP 195000] Data directly out of PE (Before Delay): 00000000000000000000000000000000000000000000000000000000000000000000000000000000000000000000000000000000000000000000000000000000
   [RAW PE SNOOP 205000] Data directly out of PE (Before Delay): 00000000000000000000000000000000000000000000000000000000000000000000000000000000000000000000000000000000000000000000000000000000
   [RAW PE SNOOP 215000] Data directly out of PE (Before Delay): 00000000000000000000000000000000000000000000000000000000000000000000000000000000000000000000000000000000000000000000000000000000
   [RAW PE SNOOP 225000] Data directly out of PE (Before Delay): 00000000000000000000000000000000000000000000000000000000000000000000000000000000000000000000000000000000000000000000000000000000
   [RAW PE SNOOP 235000] Data directly out of PE (Before Delay): 00000000000000000000000000000000000000000000000000000000000000000000000000000000000000000000000000000000000000000000000000000000
   [RAW PE SNOOP 245000] Data directly out of PE (Before Delay): 00000000000000000000000000000000000000000000000000000000000000000000000000000000000000000000000000000000000000000000000000000000
   [RAW PE SNOOP 255000] Data directly out of PE (Before Delay): 00000000000000000000000000000000000000000000000000000000000000000000000000000000000000000000000000000000000000000000000000000000
   [RAW PE SNOOP 265000] Data directly out of PE (Before Delay): 00000000000000000000000000000000000000000000000000000000000000000000000000000000000000000000000000000000000000000000000000000000
   [RAW PE SNOOP 275000] Data directly out of PE (Before Delay): 00000000000000000000000000000000000000000000000000000000000000000000000000000000000000000000000000000000000000000000000000000000
   [RAW PE SNOOP 285000] Data directly out of PE (Before Delay): 00000000000000000000000000000000000000000000000000000000000000000000000000000000000000000000000000000000000000000000000000000000
   [RAW PE SNOOP 295000] Data directly out of PE (Before Delay): 00000000000000000000000000000000000000000000000000000000000000000000000000000000000000000000000000000000000000000000000000000000
   [RAW PE SNOOP 305000] Data directly out of PE (Before Delay): 00000000000000000000000000000000000000000000000000000000000000000000000000000000000000000000000000000000000000000000000000000000
   [RAW PE SNOOP 315000] Data directly out of PE (Before Delay): 00000000000000000000000000000000000000000000000000000000000000000000000000000000000000000000000000000000000000000000000000000000
   [RAW PE SNOOP 325000] Data directly out of PE (Before Delay): 00000000000000000000000000000000000000000000000000000000000000000000000000000000000000000000000000000000000000000000000000000000
   [RAW PE SNOOP 335000] Data directly out of PE (Before Delay): 00000000000000000000000000000000000000000000000000000000000000000000000000000000000000000000000000000000000000000000000000000000
   [RAW PE SNOOP 345000] Data directly out of PE (Before Delay): 00000000000000000000000000000000000000000000000000000000000000000000000000000000000000000000000000000000000000000000000000000000
   [RAW PE SNOOP 355000] Data directly out of PE (Before Delay): 00000000000000000000000000000000000000000000000000000000000000000000000000000000000000000000000000000000000000000000000000000000
   [RAW PE SNOOP 365000] Data directly out of PE (Before Delay): 00000000000000000000000000000000000000000000000000000000000000000000000000000000000000000000000000000000000000000000000000000000
   [RAW PE SNOOP 375000] Data directly out of PE (Before Delay): 00000000000000000000000000000000000000000000000000000000000000000000000000000000000000000000000000000000000000000000000000000000
   [RAW PE SNOOP 385000] Data directly out of PE (Before Delay): 00000000000000000000000000000000000000000000000000000000000000000000000000000000000000000000000000000000000000000000000000000000
   [RAW PE SNOOP 395000] Data directly out of PE (Before Delay): 00000000000000000000000000000000000000000000000000000000000000000000000000000000000000000000000000000000000000000000000000000000
   [RAW PE SNOOP 405000] Data directly out of PE (Before Delay): 00000000000000000000000000000000000000000000000000000000000000000000000000000000000000000000000000000000000000000000000000000000
   [RAW PE SNOOP 415000] Data directly out of PE (Before Delay): 00000000000000000000000000000000000000000000000000000000000000000000000000000000000000000000000000000000000000000000000000000000
   [RAW PE SNOOP 425000] Data directly out of PE (Before Delay): 00000000000000000000000000000000000000000000000000000000000000000000000000000000000000000000000000000000000000000000000000000000
   [RAW PE SNOOP 435000] Data directly out of PE (Before Delay): 00000000000000000000000000000000000000000000000000000000000000000000000000000000000000000000000000000000000000000000000000000000
   [RAW PE SNOOP 445000] Data directly out of PE (Before Delay): 00000000000000000000000000000000000000000000000000000000000000000000000000000000000000000000000000000000000000000000000000000000
   [RAW PE SNOOP 455000] Data directly out of PE (Before Delay): 00000000000000000000000000000000000000000000000000000000000000000000000000000000000000000000000000000000000000000000000000000000
   [RAW PE SNOOP 465000] Data directly out of PE (Before Delay): 00000000000000000000000000000000000000000000000000000000000000000000000000000000000000000000000000000000000000000000000000000000
   [RAW PE SNOOP 475000] Data directly out of PE (Before Delay): 00000000000000000000000000000000000000000000000000000000000000000000000000000000000000000000000000000000000000000000000000000000
   [RAW PE SNOOP 485000] Data directly out of PE (Before Delay): 00000000000000000000000000000000000000000000000000000000000000000000000000000000000000000000000000000000000000000000000000000000
   [RAW PE SNOOP 495000] Data directly out of PE (Before Delay): 00000000000000000000000000000000000000000000000000000000000000000000000000000000000000000000000000000000000000000000000000000000
   [RAW PE SNOOP 505000] Data directly out of PE (Before Delay): 00000000000000000000000000000000000000000000000000000000000000000000000000000000000000000000000000000000000000000000000000000000
   [RAW PE SNOOP 515000] Data directly out of PE (Before Delay): 00000000000000000000000000000000000000000000000000000000000000000000000000000000000000000000000000000000000000000000000000000000
   [RAW PE SNOOP 525000] Data directly out of PE (Before Delay): 00000000000000000000000000000000000000000000000000000000000000000000000000000000000000000000000000000000000000000000000000000000
   [RAW PE SNOOP 535000] Data directly out of PE (Before Delay): 00000000000000000000000000000000000000000000000000000000000000000000000000000000000000000000000000000000000000000000000000000000
   [RAW PE SNOOP 545000] Data directly out of PE (Before Delay): 00000000000000000000000000000000000000000000000000000000000000000000000000000000000000000000000000000000000000000000000000000000
   [RAW PE SNOOP 555000] Data directly out of PE (Before Delay): 00000000000000000000000000000000000000000000000000000000000000000000000000000000000000000000000000000000000000000000000000000000
   [RAW PE SNOOP 565000] Data directly out of PE (Before Delay): 00000000000000000000000000000000000000000000000000000000000000000000000000000000000000000000000000000000000000000000000000000000
   [RAW PE SNOOP 575000] Data directly out of PE (Before Delay): 00000000000000000000000000000000000000000000000000000000000000000000000000000000000000000000000000000000000000000000000000000000
   [RAW PE SNOOP 585000] Data directly out of PE (Before Delay): 00000000000000000000000000000000000000000000000000000000000000000000000000000000000000000000000000000000000000000000000000000000
   [RAW PE SNOOP 595000] Data directly out of PE (Before Delay): 00000000000000000000000000000000000000000000000000000000000000000000000000000000000000000000000000000000000000000000000000000000
   [RAW PE SNOOP 605000] Data directly out of PE (Before Delay): 00000000000000000000000000000000000000000000000000000000000000000000000000000000000000000000000000000000000000000000000000000000
   [RAW PE SNOOP 615000] Data directly out of PE (Before Delay): 00000000000000000000000000000000000000000000000000000000000000000000000000000000000000000000000000000000000000000000000000000000
   [RAW PE SNOOP 625000] Data directly out of PE (Before Delay): 00000000000000000000000000000000000000000000000000000000000000000000000000000000000000000000000000000000000000000000000000000000
   [RAW PE SNOOP 635000] Data directly out of PE (Before Delay): 00000000000000000000000000000000000000000000000000000000000000000000000000000000000000000000000000000000000000000000000000000000
   [RAW PE SNOOP 645000] Data directly out of PE (Before Delay): 00000000000000000000000000000000000000000000000000000000000000000000000000000000000000000000000000000000000000000000000000000000
   [RAW PE SNOOP 655000] Data directly out of PE (Before Delay): 00000000000000000000000000000000000000000000000000000000000000000000000000000000000000000000000000000000000000000000000000000000
   [RAW PE SNOOP 665000] Data directly out of PE (Before Delay): 00000000000000000000000000000000000000000000000000000000000000000000000000000000000000000000000000000000000000000000000000000000
   [RAW PE SNOOP 675000] Data directly out of PE (Before Delay): 00000000000000000000000000000000000000000000000000000000000000000000000000000000000000000000000000000000000000000000000000000000
   [RAW PE SNOOP 685000] Data directly out of PE (Before Delay): 00000000000000000000000000000000000000000000000000000000000000000000000000000000000000000000000000000000000000000000000000000000
   [RAW PE SNOOP 695000] Data directly out of PE (Before Delay): 00000000000000000000000000000000000000000000000000000000000000000000000000000000000000000000000000000000000000000000000000000000
   [RAW PE SNOOP 705000] Data directly out of PE (Before Delay): 00000000000000000000000000000000000000000000000000000000000000000000000000000000000000000000000000000000000000000000000000000000
   [RAW PE SNOOP 715000] Data directly out of PE (Before Delay): 00000000000000000000000000000000000000000000000000000000000000000000000000000000000000000000000000000000000000000000000000000000
   [RAW PE SNOOP 725000] Data directly out of PE (Before Delay): 00000000000000000000000000000000000000000000000000000000000000000000000000000000000000000000000000000000000000000000000000000000
   [RAW PE SNOOP 735000] Data directly out of PE (Before Delay): 00000000000000000000000000000000000000000000000000000000000000000000000000000000000000000000000000000000000000000000000000000000
   [RAW PE SNOOP 745000] Data directly out of PE (Before Delay): 00000000000000000000000000000000000000000000000000000000000000000000000000000000000000000000000000000000000000000000000000000000
   [RAW PE SNOOP 755000] Data directly out of PE (Before Delay): 00000000000000000000000000000000000000000000000000000000000000000000000000000000000000000000000000000000000000000000000000000000
   [RAW PE SNOOP 765000] Data directly out of PE (Before Delay): 00000000000000000000000000000000000000000000000000000000000000000000000000000000000000000000000000000000000000000000000000000000
   [RAW PE SNOOP 775000] Data directly out of PE (Before Delay): 00000000000000000000000000000000000000000000000000000000000000000000000000000000000000000000000000000000000000000000000000000000
   [RAW PE SNOOP 785000] Data directly out of PE (Before Delay): 00000000000000000000000000000000000000000000000000000000000000000000000000000000000000000000000000000000000000000000000000000000
   [RAW PE SNOOP 795000] Data directly out of PE (Before Delay): 00000000000000000000000000000000000000000000000000000000000000000000000000000000000000000000000000000000000000000000000000000000
   [RAW PE SNOOP 805000] Data directly out of PE (Before Delay): 00000000000000000000000000000000000000000000000000000000000000000000000000000000000000000000000000000000000000000000000000000000
   [RAW PE SNOOP 815000] Data directly out of PE (Before Delay): 00000000000000000000000000000000000000000000000000000000000000000000000000000000000000000000000000000000000000000000000000000000
   [RAW PE SNOOP 825000] Data directly out of PE (Before Delay): 00000000000000000000000000000000000000000000000000000000000000000000000000000000000000000000000000000000000000000000000000000000
   [RAW PE SNOOP 835000] Data directly out of PE (Before Delay): 00000000000000000000000000000000000000000000000000000000000000000000000000000000000000000000000000000000000000000000000000000000
   [RAW PE SNOOP 845000] Data directly out of PE (Before Delay): 00000000000000000000000000000000000000000000000000000000000000000000000000000000000000000000000000000000000000000000000000000000
   [RAW PE SNOOP 855000] Data directly out of PE (Before Delay): 00000000000000000000000000000000000000000000000000000000000000000000000000000000000000000000000000000000000000000000000000000000
   [RAW PE SNOOP 865000] Data directly out of PE (Before Delay): 00000000000000000000000000000000000000000000000000000000000000000000000000000000000000000000000000000000000000000000000000000000
   [RAW PE SNOOP 875000] Data directly out of PE (Before Delay): 00000000000000000000000000000000000000000000000000000000000000000000000000000000000000000000000000000000000000000000000000000000
   [RAW PE SNOOP 885000] Data directly out of PE (Before Delay): 00000000000000000000000000000000000000000000000000000000000000000000000000000000000000000000000000000000000000000000000000000000
   [RAW PE SNOOP 895000] Data directly out of PE (Before Delay): 00000000000000000000000000000000000000000000000000000000000000000000000000000000000000000000000000000000000000000000000000000000
   [RAW PE SNOOP 905000] Data directly out of PE (Before Delay): 00000000000000000000000000000000000000000000000000000000000000000000000000000000000000000000000000000000000000000000000000000000
   [RAW PE SNOOP 915000] Data directly out of PE (Before Delay): 00000000000000000000000000000000000000000000000000000000000000000000000000000000000000000000000000000000000000000000000000000000
   [RAW PE SNOOP 925000] Data directly out of PE (Before Delay): 00000000000000000000000000000000000000000000000000000000000000000000000000000000000000000000000000000000000000000000000000000000
   [RAW PE SNOOP 935000] Data directly out of PE (Before Delay): 00000000000000000000000000000000000000000000000000000000000000000000000000000000000000000000000000000000000000000000000000000000
   [RAW PE SNOOP 945000] Data directly out of PE (Before Delay): 00000000000000000000000000000000000000000000000000000000000000000000000000000000000000000000000000000000000000000000000000000000
   [RAW PE SNOOP 955000] Data directly out of PE (Before Delay): 00000000000000000000000000000000000000000000000000000000000000000000000000000000000000000000000000000000000000000000000000000000
   [RAW PE SNOOP 965000] Data directly out of PE (Before Delay): 00000000000000000000000000000000000000000000000000000000000000000000000000000000000000000000000000000000000000000000000000000000
   [RAW PE SNOOP 975000] Data directly out of PE (Before Delay): 00000000000000000000000000000000000000000000000000000000000000000000000000000000000000000000000000000000000000000000000000000000
   [RAW PE SNOOP 985000] Data directly out of PE (Before Delay): 00000000000000000000000000000000000000000000000000000000000000000000000000000000000000000000000000000000000000000000000000000000
   [RAW PE SNOOP 995000] Data directly out of PE (Before Delay): 00000000000000000000000000000000000000000000000000000000000000000000000000000000000000000000000000000000000000000000000000000000
   [RAW PE SNOOP 1005000] Data directly out of PE (Before Delay): 00000000000000000000000000000000000000000000000000000000000000000000000000000000000000000000000000000000000000000000000000000000
   [RAW PE SNOOP 1015000] Data directly out of PE (Before Delay): 00000000000000000000000000000000000000000000000000000000000000000000000000000000000000000000000000000000000000000000000000000000
   [RAW PE SNOOP 1025000] Data directly out of PE (Before Delay): 00000000000000000000000000000000000000000000000000000000000000000000000000000000000000000000000000000000000000000000000000000000
   [RAW PE SNOOP 1035000] Data directly out of PE (Before Delay): 00000000000000000000000000000000000000000000000000000000000000000000000000000000000000000000000000000000000000000000000000000000
   [RAW PE SNOOP 1045000] Data directly out of PE (Before Delay): 00000000000000000000000000000000000000000000000000000000000000000000000000000000000000000000000000000000000000000000000000000000
   [RAW PE SNOOP 1055000] Data directly out of PE (Before Delay): 00000000000000000000000000000000000000000000000000000000000000000000000000000000000000000000000000000000000000000000000000000000
   [RAW PE SNOOP 1065000] Data directly out of PE (Before Delay): 00000000000000000000000000000000000000000000000000000000000000000000000000000000000000000000000000000000000000000000000000000000
   [RAW PE SNOOP 1075000] Data directly out of PE (Before Delay): 00000000000000000000000000000000000000000000000000000000000000000000000000000000000000000000000000000000000000000000000000000000
   [RAW PE SNOOP 1085000] Data directly out of PE (Before Delay): 00000000000000000000000000000000000000000000000000000000000000000000000000000000000000000000000000000000000000000000000000000000
   [RAW PE SNOOP 1095000] Data directly out of PE (Before Delay): 00000000000000000000000000000000000000000000000000000000000000000000000000000000000000000000000000000000000000000000000000000000
   [RAW PE SNOOP 1105000] Data directly out of PE (Before Delay): 00000000000000000000000000000000000000000000000000000000000000000000000000000000000000000000000000000000000000000000000000000000
   [RAW PE SNOOP 1115000] Data directly out of PE (Before Delay): 00000000000000000000000000000000000000000000000000000000000000000000000000000000000000000000000000000000000000000000000000000000
   [RAW PE SNOOP 1125000] Data directly out of PE (Before Delay): 00000000000000000000000000000000000000000000000000000000000000000000000000000000000000000000000000000000000000000000000000000000
   [RAW PE SNOOP 1135000] Data directly out of PE (Before Delay): 00000000000000000000000000000000000000000000000000000000000000000000000000000000000000000000000000000000000000000000000000000000
   [RAW PE SNOOP 1145000] Data directly out of PE (Before Delay): 00000000000000000000000000000000000000000000000000000000000000000000000000000000000000000000000000000000000000000000000000000000
   [RAW PE SNOOP 1155000] Data directly out of PE (Before Delay): 00000000000000000000000000000000000000000000000000000000000000000000000000000000000000000000000000000000000000000000000000000000
   [RAW PE SNOOP 1165000] Data directly out of PE (Before Delay): 00000000000000000000000000000000000000000000000000000000000000000000000000000000000000000000000000000000000000000000000000000000
   [RAW PE SNOOP 1175000] Data directly out of PE (Before Delay): 00000000000000000000000000000000000000000000000000000000000000000000000000000000000000000000000000000000000000000000000000000000
   [RAW PE SNOOP 1185000] Data directly out of PE (Before Delay): 00000000000000000000000000000000000000000000000000000000000000000000000000000000000000000000000000000000000000000000000000000000
   [RAW PE SNOOP 1195000] Data directly out of PE (Before Delay): 00000000000000000000000000000000000000000000000000000000000000000000000000000000000000000000000000000000000000000000000000000000
   [RAW PE SNOOP 1205000] Data directly out of PE (Before Delay): 00000000000000000000000000000000000000000000000000000000000000000000000000000000000000000000000000000000000000000000000000000000
   [RAW PE SNOOP 1215000] Data directly out of PE (Before Delay): 00000000000000000000000000000000000000000000000000000000000000000000000000000000000000000000000000000000000000000000000000000000
   [RAW PE SNOOP 1225000] Data directly out of PE (Before Delay): 00000000000000000000000000000000000000000000000000000000000000000000000000000000000000000000000000000000000000000000000000000000
   [RAW PE SNOOP 1235000] Data directly out of PE (Before Delay): 00000000000000000000000000000000000000000000000000000000000000000000000000000000000000000000000000000000000000000000000000000000
   [RAW PE SNOOP 1245000] Data directly out of PE (Before Delay): 00000000000000000000000000000000000000000000000000000000000000000000000000000000000000000000000000000000000000000000000000000000
   [RAW PE SNOOP 1255000] Data directly out of PE (Before Delay): 00000000000000000000000000000000000000000000000000000000000000000000000000000000000000000000000000000000000000000000000000000000
   [RAW PE SNOOP 1265000] Data directly out of PE (Before Delay): 00000000000000000000000000000000000000000000000000000000000000000000000000000000000000000000000000000000000000000000000000000000
   [RAW PE SNOOP 1275000] Data directly out of PE (Before Delay): 00000000000000000000000000000000000000000000000000000000000000000000000000000000000000000000000000000000000000000000000000000000
   [RAW PE SNOOP 1285000] Data directly out of PE (Before Delay): 00000000000000000000000000000000000000000000000000000000000000000000000000000000000000000000000000000000000000000000000000000000
   [RAW PE SNOOP 1295000] Data directly out of PE (Before Delay): 00000000000000000000000000000000000000000000000000000000000000000000000000000000000000000000000000000000000000000000000000000000
   [RAW PE SNOOP 1305000] Data directly out of PE (Before Delay): 00000000000000000000000000000000000000000000000000000000000000000000000000000000000000000000000000000000000000000000000000000000
   [RAW PE SNOOP 1315000] Data directly out of PE (Before Delay): 00000000000000000000000000000000000000000000000000000000000000000000000000000000000000000000000000000000000000000000000000000000
   [RAW PE SNOOP 1325000] Data directly out of PE (Before Delay): 00000000000000000000000000000000000000000000000000000000000000000000000000000000000000000000000000000000000000000000000000000000
   [RAW PE SNOOP 1335000] Data directly out of PE (Before Delay): 00000000000000000000000000000000000000000000000000000000000000000000000000000000000000000000000000000000000000000000000000000000
   [RAW PE SNOOP 1345000] Data directly out of PE (Before Delay): 00000000000000000000000000000000000000000000000000000000000000000000000000000000000000000000000000000000000000000000000000000000
   [RAW PE SNOOP 1355000] Data directly out of PE (Before Delay): 00000000000000000000000000000000000000000000000000000000000000000000000000000000000000000000000000000000000000000000000000000000
   [RAW PE SNOOP 1365000] Data directly out of PE (Before Delay): 00000000000000000000000000000000000000000000000000000000000000000000000000000000000000000000000000000000000000000000000000000000
   [RAW PE SNOOP 1375000] Data directly out of PE (Before Delay): 00000000000000000000000000000000000000000000000000000000000000000000000000000000000000000000000000000000000000000000000000000000
   [RAW PE SNOOP 1385000] Data directly out of PE (Before Delay): 00000000000000000000000000000000000000000000000000000000000000000000000000000000000000000000000000000000000000000000000000000000
   [RAW PE SNOOP 1395000] Data directly out of PE (Before Delay): 00000000000000000000000000000000000000000000000000000000000000000000000000000000000000000000000000000000000000000000000000000000
   [RAW PE SNOOP 1405000] Data directly out of PE (Before Delay): 00000000000000000000000000000000000000000000000000000000000000000000000000000000000000000000000000000000000000000000000000000000
   [RAW PE SNOOP 1415000] Data directly out of PE (Before Delay): 00000000000000000000000000000000000000000000000000000000000000000000000000000000000000000000000000000000000000000000000000000000
   [RAW PE SNOOP 1425000] Data directly out of PE (Before Delay): 00000000000000000000000000000000000000000000000000000000000000000000000000000000000000000000000000000000000000000000000000000000
   [RAW PE SNOOP 1435000] Data directly out of PE (Before Delay): 00000000000000000000000000000000000000000000000000000000000000000000000000000000000000000000000000000000000000000000000000000000
   [RAW PE SNOOP 1445000] Data directly out of PE (Before Delay): 00000000000000000000000000000000000000000000000000000000000000000000000000000000000000000000000000000000000000000000000000000000
   [RAW PE SNOOP 1455000] Data directly out of PE (Before Delay): 00000000000000000000000000000000000000000000000000000000000000000000000000000000000000000000000000000000000000000000000000000000
   [RAW PE SNOOP 1465000] Data directly out of PE (Before Delay): 00000000000000000000000000000000000000000000000000000000000000000000000000000000000000000000000000000000000000000000000000000000
   [RAW PE SNOOP 1475000] Data directly out of PE (Before Delay): 00000000000000000000000000000000000000000000000000000000000000000000000000000000000000000000000000000000000000000000000000000000
   [RAW PE SNOOP 1485000] Data directly out of PE (Before Delay): 00000000000000000000000000000000000000000000000000000000000000000000000000000000000000000000000000000000000000000000000000000000
   [RAW PE SNOOP 1495000] Data directly out of PE (Before Delay): 00000000000000000000000000000000000000000000000000000000000000000000000000000000000000000000000000000000000000000000000000000000
   [RAW PE SNOOP 1505000] Data directly out of PE (Before Delay): 00000000000000000000000000000000000000000000000000000000000000000000000000000000000000000000000000000000000000000000000000000000
   [RAW PE SNOOP 1515000] Data directly out of PE (Before Delay): 00000000000000000000000000000000000000000000000000000000000000000000000000000000000000000000000000000000000000000000000000000000
   [RAW PE SNOOP 1525000] Data directly out of PE (Before Delay): 00000000000000000000000000000000000000000000000000000000000000000000000000000000000000000000000000000000000000000000000000000000
   [RAW PE SNOOP 1535000] Data directly out of PE (Before Delay): 00000000000000000000000000000000000000000000000000000000000000000000000000000000000000000000000000000000000000000000000000000000
   [RAW PE SNOOP 1545000] Data directly out of PE (Before Delay): 00000000000000000000000000000000000000000000000000000000000000000000000000000000000000000000000000000000000000000000000000000000
   [RAW PE SNOOP 1555000] Data directly out of PE (Before Delay): 00000000000000000000000000000000000000000000000000000000000000000000000000000000000000000000000000000000000000000000000000000000
   [RAW PE SNOOP 1565000] Data directly out of PE (Before Delay): 00000000000000000000000000000000000000000000000000000000000000000000000000000000000000000000000000000000000000000000000000000000
   [RAW PE SNOOP 1575000] Data directly out of PE (Before Delay): 00000000000000000000000000000000000000000000000000000000000000000000000000000000000000000000000000000000000000000000000000000000
   [RAW PE SNOOP 1585000] Data directly out of PE (Before Delay): 00000000000000000000000000000000000000000000000000000000000000000000000000000000000000000000000000000000000000000000000000000000
   [RAW PE SNOOP 1595000] Data directly out of PE (Before Delay): 00000000000000000000000000000000000000000000000000000000000000000000000000000000000000000000000000000000000000000000000000000000
   [RAW PE SNOOP 1605000] Data directly out of PE (Before Delay): 00000000000000000000000000000000000000000000000000000000000000000000000000000000000000000000000000000000000000000000000000000000
   [RAW PE SNOOP 1615000] Data directly out of PE (Before Delay): 00000000000000000000000000000000000000000000000000000000000000000000000000000000000000000000000000000000000000000000000000000000
   [RAW PE SNOOP 1625000] Data directly out of PE (Before Delay): 00000000000000000000000000000000000000000000000000000000000000000000000000000000000000000000000000000000000000000000000000000000
   [RAW PE SNOOP 1635000] Data directly out of PE (Before Delay): 00000000000000000000000000000000000000000000000000000000000000000000000000000000000000000000000000000000000000000000000000000000
   [RAW PE SNOOP 1645000] Data directly out of PE (Before Delay): 00000000000000000000000000000000000000000000000000000000000000000000000000000000000000000000000000000000000000000000000000000000
   [RAW PE SNOOP 1655000] Data directly out of PE (Before Delay): 00000000000000000000000000000000000000000000000000000000000000000000000000000000000000000000000000000000000000000000000000000000
   [RAW PE SNOOP 1665000] Data directly out of PE (Before Delay): 00000000000000000000000000000000000000000000000000000000000000000000000000000000000000000000000000000000000000000000000000000000
   [RAW PE SNOOP 1675000] Data directly out of PE (Before Delay): 00000000000000000000000000000000000000000000000000000000000000000000000000000000000000000000000000000000000000000000000000000000
   [RAW PE SNOOP 1685000] Data directly out of PE (Before Delay): 00000000000000000000000000000000000000000000000000000000000000000000000000000000000000000000000000000000000000000000000000000000
   [RAW PE SNOOP 1695000] Data directly out of PE (Before Delay): 00000000000000000000000000000000000000000000000000000000000000000000000000000000000000000000000000000000000000000000000000000000
   [RAW PE SNOOP 1705000] Data directly out of PE (Before Delay): 00000000000000000000000000000000000000000000000000000000000000000000000000000000000000000000000000000000000000000000000000000000
   [RAW PE SNOOP 1715000] Data directly out of PE (Before Delay): 00000000000000000000000000000000000000000000000000000000000000000000000000000000000000000000000000000000000000000000000000000000
   [RAW PE SNOOP 1725000] Data directly out of PE (Before Delay): 00000000000000000000000000000000000000000000000000000000000000000000000000000000000000000000000000000000000000000000000000000000
   [RAW PE SNOOP 1735000] Data directly out of PE (Before Delay): 00000000000000000000000000000000000000000000000000000000000000000000000000000000000000000000000000000000000000000000000000000000
   [RAW PE SNOOP 1745000] Data directly out of PE (Before Delay): 00000000000000000000000000000000000000000000000000000000000000000000000000000000000000000000000000000000000000000000000000000000
   [RAW PE SNOOP 1755000] Data directly out of PE (Before Delay): 00000000000000000000000000000000000000000000000000000000000000000000000000000000000000000000000000000000000000000000000000000000
   [RAW PE SNOOP 1765000] Data directly out of PE (Before Delay): 00000000000000000000000000000000000000000000000000000000000000000000000000000000000000000000000000000000000000000000000000000000
   [RAW PE SNOOP 1775000] Data directly out of PE (Before Delay): 00000000000000000000000000000000000000000000000000000000000000000000000000000000000000000000000000000000000000000000000000000000
   [RAW PE SNOOP 1785000] Data directly out of PE (Before Delay): 00000000000000000000000000000000000000000000000000000000000000000000000000000000000000000000000000000000000000000000000000000000
   [RAW PE SNOOP 1795000] Data directly out of PE (Before Delay): 00000000000000000000000000000000000000000000000000000000000000000000000000000000000000000000000000000000000000000000000000000000
   [RAW PE SNOOP 1805000] Data directly out of PE (Before Delay): 00000000000000000000000000000000000000000000000000000000000000000000000000000000000000000000000000000000000000000000000000000000
   [RAW PE SNOOP 1815000] Data directly out of PE (Before Delay): 00000000000000000000000000000000000000000000000000000000000000000000000000000000000000000000000000000000000000000000000000000000
   [RAW PE SNOOP 1825000] Data directly out of PE (Before Delay): 00000000000000000000000000000000000000000000000000000000000000000000000000000000000000000000000000000000000000000000000000000000
   [RAW PE SNOOP 1835000] Data directly out of PE (Before Delay): 00000000000000000000000000000000000000000000000000000000000000000000000000000000000000000000000000000000000000000000000000000000
   [RAW PE SNOOP 1845000] Data directly out of PE (Before Delay): 00000000000000000000000000000000000000000000000000000000000000000000000000000000000000000000000000000000000000000000000000000000
   [RAW PE SNOOP 1855000] Data directly out of PE (Before Delay): 00000000000000000000000000000000000000000000000000000000000000000000000000000000000000000000000000000000000000000000000000000000
   [RAW PE SNOOP 1865000] Data directly out of PE (Before Delay): 00000000000000000000000000000000000000000000000000000000000000000000000000000000000000000000000000000000000000000000000000000000
   [RAW PE SNOOP 1875000] Data directly out of PE (Before Delay): 00000000000000000000000000000000000000000000000000000000000000000000000000000000000000000000000000000000000000000000000000000000
   [RAW PE SNOOP 1885000] Data directly out of PE (Before Delay): 00000000000000000000000000000000000000000000000000000000000000000000000000000000000000000000000000000000000000000000000000000000
   [RAW PE SNOOP 1895000] Data directly out of PE (Before Delay): 00000000000000000000000000000000000000000000000000000000000000000000000000000000000000000000000000000000000000000000000000000000
   [RAW PE SNOOP 1905000] Data directly out of PE (Before Delay): 00000000000000000000000000000000000000000000000000000000000000000000000000000000000000000000000000000000000000000000000000000000
   [RAW PE SNOOP 1915000] Data directly out of PE (Before Delay): 00000000000000000000000000000000000000000000000000000000000000000000000000000000000000000000000000000000000000000000000000000000
   [RAW PE SNOOP 1925000] Data directly out of PE (Before Delay): 00000000000000000000000000000000000000000000000000000000000000000000000000000000000000000000000000000000000000000000000000000000
   [RAW PE SNOOP 1935000] Data directly out of PE (Before Delay): 00000000000000000000000000000000000000000000000000000000000000000000000000000000000000000000000000000000000000000000000000000000
   [RAW PE SNOOP 1945000] Data directly out of PE (Before Delay): 00000000000000000000000000000000000000000000000000000000000000000000000000000000000000000000000000000000000000000000000000000000
   [RAW PE SNOOP 1955000] Data directly out of PE (Before Delay): 00000000000000000000000000000000000000000000000000000000000000000000000000000000000000000000000000000000000000000000000000000000
   [RAW PE SNOOP 1965000] Data directly out of PE (Before Delay): 00000000000000000000000000000000000000000000000000000000000000000000000000000000000000000000000000000000000000000000000000000000
   [RAW PE SNOOP 1975000] Data directly out of PE (Before Delay): 00000000000000000000000000000000000000000000000000000000000000000000000000000000000000000000000000000000000000000000000000000000
   [RAW PE SNOOP 1985000] Data directly out of PE (Before Delay): 00000000000000000000000000000000000000000000000000000000000000000000000000000000000000000000000000000000000000000000000000000000
   [RAW PE SNOOP 1995000] Data directly out of PE (Before Delay): 00000000000000000000000000000000000000000000000000000000000000000000000000000000000000000000000000000000000000000000000000000000
   [RAW PE SNOOP 2005000] Data directly out of PE (Before Delay): 00000000000000000000000000000000000000000000000000000000000000000000000000000000000000000000000000000000000000000000000000000000
   [RAW PE SNOOP 2015000] Data directly out of PE (Before Delay): 00000000000000000000000000000000000000000000000000000000000000000000000000000000000000000000000000000000000000000000000000000000
   [RAW PE SNOOP 2025000] Data directly out of PE (Before Delay): 00000000000000000000000000000000000000000000000000000000000000000000000000000000000000000000000000000000000000000000000000000000
   [RAW PE SNOOP 2035000] Data directly out of PE (Before Delay): 00000000000000000000000000000000000000000000000000000000000000000000000000000000000000000000000000000000000000000000000000000000
   [RAW PE SNOOP 2045000] Data directly out of PE (Before Delay): 00000000000000000000000000000000000000000000000000000000000000000000000000000000000000000000000000000000000000000000000000000000
   [RAW PE SNOOP 2055000] Data directly out of PE (Before Delay): 00000000000000000000000000000000000000000000000000000000000000000000000000000000000000000000000000000000000000000000000000000000
   [RAW PE SNOOP 2065000] Data directly out of PE (Before Delay): 00000000000000000000000000000000000000000000000000000000000000000000000000000000000000000000000000000000000000000000000000000000
   [RAW PE SNOOP 2075000] Data directly out of PE (Before Delay): 00000000000000000000000000000000000000000000000000000000000000000000000000000000000000000000000000000000000000000000000000000000
   [RAW PE SNOOP 2085000] Data directly out of PE (Before Delay): 00000000000000000000000000000000000000000000000000000000000000000000000000000000000000000000000000000000000000000000000000000000
   [RAW PE SNOOP 2095000] Data directly out of PE (Before Delay): 00000000000000000000000000000000000000000000000000000000000000000000000000000000000000000000000000000000000000000000000000000000
[2100000] DMA: Streaming Weights to FIFO...
[2100000] DMA: Streaming Weights to FIFO...
   [RAW PE SNOOP 2105000] Data directly out of PE (Before Delay): 00000000000000000000000000000000000000000000000000000000000000000000000000000000000000000000000000000000000000000000000000000000
   [RAW PE SNOOP 2115000] Data directly out of PE (Before Delay): 00000000000000000000000000000000000000000000000000000000000000000000000000000000000000000000000000000000000000000000000000000000
   [RAW PE SNOOP 2125000] Data directly out of PE (Before Delay): 00000000000000000000000000000000000000000000000000000000000000000000000000000000000000000000000000000000000000000000000000000000
   [RAW PE SNOOP 2135000] Data directly out of PE (Before Delay): 00000000000000000000000000000000000000000000000000000000000000000000000000000000000000000000000000000000000000000000000000000000
   [RAW PE SNOOP 2145000] Data directly out of PE (Before Delay): 00000000000000000000000000000000000000000000000000000000000000000000000000000000000000000000000000000000000000000000000000000000
   [RAW PE SNOOP 2155000] Data directly out of PE (Before Delay): 00000000000000000000000000000000000000000000000000000000000000000000000000000000000000000000000000000000000000000000000000000000
   [RAW PE SNOOP 2165000] Data directly out of PE (Before Delay): 00000000000000000000000000000000000000000000000000000000000000000000000000000000000000000000000000000000000000000000000000000000
   [RAW PE SNOOP 2175000] Data directly out of PE (Before Delay): 00000000000000000000000000000000000000000000000000000000000000000000000000000000000000000000000000000000000000000000000000000000
   [RAW PE SNOOP 2185000] Data directly out of PE (Before Delay): 00000000000000000000000000000000000000000000000000000000000000000000000000000000000000000000000000000000000000000000000000000000
   [RAW PE SNOOP 2195000] Data directly out of PE (Before Delay): 00000000000000000000000000000000000000000000000000000000000000000000000000000000000000000000000000000000000000000000000000000000
   [RAW PE SNOOP 2205000] Data directly out of PE (Before Delay): 00000000000000000000000000000000000000000000000000000000000000000000000000000000000000000000000000000000000000000000000000000000
   [RAW PE SNOOP 2215000] Data directly out of PE (Before Delay): 00000000000000000000000000000000000000000000000000000000000000000000000000000000000000000000000000000000000000000000000000000000
   [RAW PE SNOOP 2225000] Data directly out of PE (Before Delay): 00000000000000000000000000000000000000000000000000000000000000000000000000000000000000000000000000000000000000000000000000000000
   [RAW PE SNOOP 2235000] Data directly out of PE (Before Delay): 00000000000000000000000000000000000000000000000000000000000000000000000000000000000000000000000000000000000000000000000000000000
   [RAW PE SNOOP 2245000] Data directly out of PE (Before Delay): 00000000000000000000000000000000000000000000000000000000000000000000000000000000000000000000000000000000000000000000000000000000
   [RAW PE SNOOP 2255000] Data directly out of PE (Before Delay): 00000000000000000000000000000000000000000000000000000000000000000000000000000000000000000000000000000000000000000000000000000000
   [RAW PE SNOOP 2265000] Data directly out of PE (Before Delay): 00000000000000000000000000000000000000000000000000000000000000000000000000000000000000000000000000000000000000000000000000000000
   [RAW PE SNOOP 2275000] Data directly out of PE (Before Delay): 00000000000000000000000000000000000000000000000000000000000000000000000000000000000000000000000000000000000000000000000000000000
   [RAW PE SNOOP 2285000] Data directly out of PE (Before Delay): 00000000000000000000000000000000000000000000000000000000000000000000000000000000000000000000000000000000000000000000000000000000
   [RAW PE SNOOP 2295000] Data directly out of PE (Before Delay): 00000000000000000000000000000000000000000000000000000000000000000000000000000000000000000000000000000000000000000000000000000000
   [RAW PE SNOOP 2305000] Data directly out of PE (Before Delay): 00000000000000000000000000000000000000000000000000000000000000000000000000000000000000000000000000000000000000000000000000000000
   [RAW PE SNOOP 2315000] Data directly out of PE (Before Delay): 00000000000000000000000000000000000000000000000000000000000000000000000000000000000000000000000000000000000000000000000000000000
   [RAW PE SNOOP 2325000] Data directly out of PE (Before Delay): 00000000000000000000000000000000000000000000000000000000000000000000000000000000000000000000000000000000000000000000000000000000
   [RAW PE SNOOP 2335000] Data directly out of PE (Before Delay): 00000000000000000000000000000000000000000000000000000000000000000000000000000000000000000000000000000000000000000000000000000000
   [RAW PE SNOOP 2345000] Data directly out of PE (Before Delay): 00000000000000000000000000000000000000000000000000000000000000000000000000000000000000000000000000000000000000000000000000000000
   [RAW PE SNOOP 2355000] Data directly out of PE (Before Delay): 00000000000000000000000000000000000000000000000000000000000000000000000000000000000000000000000000000000000000000000000000000000
   [RAW PE SNOOP 2365000] Data directly out of PE (Before Delay): 00000000000000000000000000000000000000000000000000000000000000000000000000000000000000000000000000000000000000000000000000000000
[2367000] CTRL: Pulsing loadw_i. Watch the PE grid swallow the weights!
   [RAW PE SNOOP 2375000] Data directly out of PE (Before Delay): 00000000000000000000000000000000000000000000000000000000000000000000000000000000000000000000000000000000000000000000000000000000
   [RAW PE SNOOP 2385000] Data directly out of PE (Before Delay): 00000000000000000000000000000000000000000000000000000000000000000000000000000000000000000000000000000000000000000000000000000000
   [PE SNOOP 2395000] Controller sending Weight Row to PE: 00000000000000000000000000000000
   [RAW PE SNOOP 2395000] Data directly out of PE (Before Delay): 00000000000000000000000000000000000000000000000000000000000000000000000000000000000000000000000000000000000000000000000000000000
   [PE SNOOP 2405000] Controller sending Weight Row to PE: 01010101010101010101010101010101
   [RAW PE SNOOP 2405000] Data directly out of PE (Before Delay): 00000000000000000000000000000000000000000000000000000000000000000000000000000000000000000000000000000000000000000000000000000000
   [PE SNOOP 2415000] Controller sending Weight Row to PE: 02020202020202020202020202020202
   [RAW PE SNOOP 2415000] Data directly out of PE (Before Delay): 00000000000000000000000000000000000000000000000000000000000000000000000000000000000000000000000000000000000000000000000000000000
   [PE SNOOP 2425000] Controller sending Weight Row to PE: 03030303030303030303030303030303
   [RAW PE SNOOP 2425000] Data directly out of PE (Before Delay): 00000000000000000000000000000000000000000000000000000000000000000000000000000000000000000000000000000000000000000000000000000000
   [PE SNOOP 2435000] Controller sending Weight Row to PE: 04040404040404040404040404040404
   [RAW PE SNOOP 2435000] Data directly out of PE (Before Delay): 00000000000000000000000000000000000000000000000000000000000000000000000000000000000000000000000000000000000000000000000000000000
   [PE SNOOP 2445000] Controller sending Weight Row to PE: 05050505050505050505050505050505
   [RAW PE SNOOP 2445000] Data directly out of PE (Before Delay): 00000000000000000000000000000000000000000000000000000000000000000000000000000000000000000000000000000000000000000000000000000000
   [PE SNOOP 2455000] Controller sending Weight Row to PE: 06060606060606060606060606060606
   [RAW PE SNOOP 2455000] Data directly out of PE (Before Delay): 00000000000000000000000000000000000000000000000000000000000000000000000000000000000000000000000000000000000000000000000000000000
   [PE SNOOP 2465000] Controller sending Weight Row to PE: 07070707070707070707070707070707
   [RAW PE SNOOP 2465000] Data directly out of PE (Before Delay): 00000000000000000000000000000000000000000000000000000000000000000000000000000000000000000000000000000000000000000000000000000000
   [PE SNOOP 2475000] Controller sending Weight Row to PE: 08080808080808080808080808080808
   [RAW PE SNOOP 2475000] Data directly out of PE (Before Delay): 00000000000000000000000000000000000000000000000000000000000000000000000000000000000000000000000000000000000000000000000000000000
   [PE SNOOP 2485000] Controller sending Weight Row to PE: 09090909090909090909090909090909
   [RAW PE SNOOP 2485000] Data directly out of PE (Before Delay): 00000000000000000000000000000000000000000000000000000000000000000000000000000000000000000000000000000000000000000000000000000000
   [PE SNOOP 2495000] Controller sending Weight Row to PE: 0a0a0a0a0a0a0a0a0a0a0a0a0a0a0a0a
   [RAW PE SNOOP 2495000] Data directly out of PE (Before Delay): 00000000000000000000000000000000000000000000000000000000000000000000000000000000000000000000000000000000000000000000000000000000
   [PE SNOOP 2505000] Controller sending Weight Row to PE: 0b0b0b0b0b0b0b0b0b0b0b0b0b0b0b0b
   [RAW PE SNOOP 2505000] Data directly out of PE (Before Delay): 00000000000000000000000000000000000000000000000000000000000000000000000000000000000000000000000000000000000000000000000000000000
   [PE SNOOP 2515000] Controller sending Weight Row to PE: 0c0c0c0c0c0c0c0c0c0c0c0c0c0c0c0c
   [RAW PE SNOOP 2515000] Data directly out of PE (Before Delay): 00000000000000000000000000000000000000000000000000000000000000000000000000000000000000000000000000000000000000000000000000000000
   [PE SNOOP 2525000] Controller sending Weight Row to PE: 0d0d0d0d0d0d0d0d0d0d0d0d0d0d0d0d
   [RAW PE SNOOP 2525000] Data directly out of PE (Before Delay): 00000000000000000000000000000000000000000000000000000000000000000000000000000000000000000000000000000000000000000000000000000000
   [PE SNOOP 2535000] Controller sending Weight Row to PE: 0e0e0e0e0e0e0e0e0e0e0e0e0e0e0e0e
   [RAW PE SNOOP 2535000] Data directly out of PE (Before Delay): 00000000000000000000000000000000000000000000000000000000000000000000000000000000000000000000000000000000000000000000000000000000
   [PE SNOOP 2545000] Controller sending Weight Row to PE: 0f0f0f0f0f0f0f0f0f0f0f0f0f0f0f0f
   [RAW PE SNOOP 2545000] Data directly out of PE (Before Delay): 00000000000000000000000000000000000000000000000000000000000000000000000000000000000000000000000000000000000000000000000000000000
   [RAW PE SNOOP 2555000] Data directly out of PE (Before Delay): 00000000000000000000000000000000000000000000000000000000000000000000000000000000000000000000000000000000000000000000000000000000
   [RAW PE SNOOP 2565000] Data directly out of PE (Before Delay): 00000000000000000000000000000000000000000000000000000000000000000000000000000000000000000000000000000000000000000000000000000000
   [RAW PE SNOOP 2575000] Data directly out of PE (Before Delay): 00000000000000000000000000000000000000000000000000000000000000000000000000000000000000000000000000000000000000000000000000000000
   [RAW PE SNOOP 2585000] Data directly out of PE (Before Delay): 00000000000000000000000000000000000000000000000000000000000000000000000000000000000000000000000000000000000000000000000000000000
   [RAW PE SNOOP 2595000] Data directly out of PE (Before Delay): 00000000000000000000000000000000000000000000000000000000000000000000000000000000000000000000000000000000000000000000000000000000
   [RAW PE SNOOP 2605000] Data directly out of PE (Before Delay): 00000000000000000000000000000000000000000000000000000000000000000000000000000000000000000000000000000000000000000000000000000000
   [RAW PE SNOOP 2615000] Data directly out of PE (Before Delay): 00000000000000000000000000000000000000000000000000000000000000000000000000000000000000000000000000000000000000000000000000000000
   [RAW PE SNOOP 2625000] Data directly out of PE (Before Delay): 00000000000000000000000000000000000000000000000000000000000000000000000000000000000000000000000000000000000000000000000000000000
   [RAW PE SNOOP 2635000] Data directly out of PE (Before Delay): 00000000000000000000000000000000000000000000000000000000000000000000000000000000000000000000000000000000000000000000000000000000
   [RAW PE SNOOP 2645000] Data directly out of PE (Before Delay): 00000000000000000000000000000000000000000000000000000000000000000000000000000000000000000000000000000000000000000000000000000000
   [RAW PE SNOOP 2655000] Data directly out of PE (Before Delay): 00000000000000000000000000000000000000000000000000000000000000000000000000000000000000000000000000000000000000000000000000000000
   [RAW PE SNOOP 2665000] Data directly out of PE (Before Delay): 00000000000000000000000000000000000000000000000000000000000000000000000000000000000000000000000000000000000000000000000000000000
   [RAW PE SNOOP 2675000] Data directly out of PE (Before Delay): 00000000000000000000000000000000000000000000000000000000000000000000000000000000000000000000000000000000000000000000000000000000
[2685000] DMA: Streaming Inputs to FIFO...
   [RAW PE SNOOP 2685000] Data directly out of PE (Before Delay): 00000000000000000000000000000000000000000000000000000000000000000000000000000000000000000000000000000000000000000000000000000000
   [RAW PE SNOOP 2695000] Data directly out of PE (Before Delay): 00000000000000000000000000000000000000000000000000000000000000000000000000000000000000000000000000000000000000000000000000000000
   [RAW PE SNOOP 2705000] Data directly out of PE (Before Delay): 00000000000000000000000000000000000000000000000000000000000000000000000000000000000000000000000000000000000000000000000000000000
   [RAW PE SNOOP 2715000] Data directly out of PE (Before Delay): 00000000000000000000000000000000000000000000000000000000000000000000000000000000000000000000000000000000000000000000000000000000
   [RAW PE SNOOP 2725000] Data directly out of PE (Before Delay): 00000000000000000000000000000000000000000000000000000000000000000000000000000000000000000000000000000000000000000000000000000000
   [RAW PE SNOOP 2735000] Data directly out of PE (Before Delay): 00000000000000000000000000000000000000000000000000000000000000000000000000000000000000000000000000000000000000000000000000000000
   [RAW PE SNOOP 2745000] Data directly out of PE (Before Delay): 00000000000000000000000000000000000000000000000000000000000000000000000000000000000000000000000000000000000000000000000000000000
   [RAW PE SNOOP 2755000] Data directly out of PE (Before Delay): 00000000000000000000000000000000000000000000000000000000000000000000000000000000000000000000000000000000000000000000000000000000
   [RAW PE SNOOP 2765000] Data directly out of PE (Before Delay): 00000000000000000000000000000000000000000000000000000000000000000000000000000000000000000000000000000000000000000000000000000000
   [RAW PE SNOOP 2775000] Data directly out of PE (Before Delay): 00000000000000000000000000000000000000000000000000000000000000000000000000000000000000000000000000000000000000000000000000000000
   [RAW PE SNOOP 2785000] Data directly out of PE (Before Delay): 00000000000000000000000000000000000000000000000000000000000000000000000000000000000000000000000000000000000000000000000000000000
   [RAW PE SNOOP 2795000] Data directly out of PE (Before Delay): 00000000000000000000000000000000000000000000000000000000000000000000000000000000000000000000000000000000000000000000000000000000
   [RAW PE SNOOP 2805000] Data directly out of PE (Before Delay): 00000000000000000000000000000000000000000000000000000000000000000000000000000000000000000000000000000000000000000000000000000000
   [RAW PE SNOOP 2815000] Data directly out of PE (Before Delay): 00000000000000000000000000000000000000000000000000000000000000000000000000000000000000000000000000000000000000000000000000000000
   [RAW PE SNOOP 2825000] Data directly out of PE (Before Delay): 00000000000000000000000000000000000000000000000000000000000000000000000000000000000000000000000000000000000000000000000000000000
   [RAW PE SNOOP 2835000] Data directly out of PE (Before Delay): 00000000000000000000000000000000000000000000000000000000000000000000000000000000000000000000000000000000000000000000000000000000
   [RAW PE SNOOP 2845000] Data directly out of PE (Before Delay): 00000000000000000000000000000000000000000000000000000000000000000000000000000000000000000000000000000000000000000000000000000000
   [RAW PE SNOOP 2855000] Data directly out of PE (Before Delay): 00000000000000000000000000000000000000000000000000000000000000000000000000000000000000000000000000000000000000000000000000000000
   [RAW PE SNOOP 2865000] Data directly out of PE (Before Delay): 00000000000000000000000000000000000000000000000000000000000000000000000000000000000000000000000000000000000000000000000000000000
   [RAW PE SNOOP 2875000] Data directly out of PE (Before Delay): 00000000000000000000000000000000000000000000000000000000000000000000000000000000000000000000000000000000000000000000000000000000
   [RAW PE SNOOP 2885000] Data directly out of PE (Before Delay): 00000000000000000000000000000000000000000000000000000000000000000000000000000000000000000000000000000000000000000000000000000000
   [RAW PE SNOOP 2895000] Data directly out of PE (Before Delay): 00000000000000000000000000000000000000000000000000000000000000000000000000000000000000000000000000000000000000000000000000000000
   [RAW PE SNOOP 2905000] Data directly out of PE (Before Delay): 00000000000000000000000000000000000000000000000000000000000000000000000000000000000000000000000000000000000000000000000000000000
   [RAW PE SNOOP 2915000] Data directly out of PE (Before Delay): 00000000000000000000000000000000000000000000000000000000000000000000000000000000000000000000000000000000000000000000000000000000
   [RAW PE SNOOP 2925000] Data directly out of PE (Before Delay): 00000000000000000000000000000000000000000000000000000000000000000000000000000000000000000000000000000000000000000000000000000000
   [RAW PE SNOOP 2935000] Data directly out of PE (Before Delay): 00000000000000000000000000000000000000000000000000000000000000000000000000000000000000000000000000000000000000000000000000000000
   [RAW PE SNOOP 2945000] Data directly out of PE (Before Delay): 00000000000000000000000000000000000000000000000000000000000000000000000000000000000000000000000000000000000000000000000000000000
[2947000] CTRL: Pulsing start_i. Computation Begins!
   [RAW PE SNOOP 2955000] Data directly out of PE (Before Delay): 00000000000000000000000000000000000000000000000000000000000000000000000000000000000000000000000000000000000000000000000000000000
   [RAW PE SNOOP 2965000] Data directly out of PE (Before Delay): 00000000000000000000000000000000000000000000000000000000000000000000000000000000000000000000000000000000000000000000000000000000
   [PE SNOOP 2975000] Controller sending Input Row to PE:  01010101010101010101010101010101
   [RAW PE SNOOP 2975000] Data directly out of PE (Before Delay): 00000000000000000000000000000000000000000000000000000000000000000000000000000000000000000000000000000000000000000000000000000000
   [PE SNOOP 2985000] Controller sending Input Row to PE:  01010101010101010101010101010101
   [RAW PE SNOOP 2985000] Data directly out of PE (Before Delay): 00000000000000000000000000000000000000000000000000000000000000000000000000000000000000000000000000000000000000000000000000000000
   [PE SNOOP 2995000] Controller sending Input Row to PE:  01010101010101010101010101010101
   [RAW PE SNOOP 2995000] Data directly out of PE (Before Delay): 00000000000000000000000000000000000000000000000000000000000000000000000000000000000000000000000000000000000000000000000000000000
   [PE SNOOP 3005000] Controller sending Input Row to PE:  01010101010101010101010101010101
   [RAW PE SNOOP 3005000] Data directly out of PE (Before Delay): 00000000000000000000000000000000000000000000000000000000000000000000000000000000000000000000000000000000000000000000000000000000
   [PE SNOOP 3015000] Controller sending Input Row to PE:  01010101010101010101010101010101
   [RAW PE SNOOP 3015000] Data directly out of PE (Before Delay): 00000000000000000000000000000000000000000000000000000000000000000000000000000000000000000000000000000000000000000000000000000000
   [PE SNOOP 3025000] Controller sending Input Row to PE:  01010101010101010101010101010101
   [RAW PE SNOOP 3025000] Data directly out of PE (Before Delay): 00000000000000000000000000000000000000000000000000000000000000000000000000000000000000000000000000000000000000000000000000000000
   [PE SNOOP 3035000] Controller sending Input Row to PE:  01010101010101010101010101010101
   [RAW PE SNOOP 3035000] Data directly out of PE (Before Delay): 00000000000000000000000000000000000000000000000000000000000000000000000000000000000000000000000000000000000000000000000000000000
   [PE SNOOP 3045000] Controller sending Input Row to PE:  01010101010101010101010101010101
   [RAW PE SNOOP 3045000] Data directly out of PE (Before Delay): 00000000000000000000000000000000000000000000000000000000000000000000000000000000000000000000000000000000000000000000000000000000
   [PE SNOOP 3055000] Controller sending Input Row to PE:  01010101010101010101010101010101
   [RAW PE SNOOP 3055000] Data directly out of PE (Before Delay): 00000000000000000000000000000000000000000000000000000000000000000000000000000000000000000000000000000000000000000000000000000000
   [PE SNOOP 3065000] Controller sending Input Row to PE:  01010101010101010101010101010101
   [RAW PE SNOOP 3065000] Data directly out of PE (Before Delay): 00000000000000000000000000000000000000000000000000000000000000000000000000000000000000000000000000000000000000000000000000000000
   [PE SNOOP 3075000] Controller sending Input Row to PE:  01010101010101010101010101010101
   [RAW PE SNOOP 3075000] Data directly out of PE (Before Delay): 00000000000000000000000000000000000000000000000000000000000000000000000000000000000000000000000000000000000000000000000000000000
   [PE SNOOP 3085000] Controller sending Input Row to PE:  01010101010101010101010101010101
   [RAW PE SNOOP 3085000] Data directly out of PE (Before Delay): 00000000000000000000000000000000000000000000000000000000000000000000000000000000000000000000000000000000000000000000000000000000
   [PE SNOOP 3095000] Controller sending Input Row to PE:  01010101010101010101010101010101
   [RAW PE SNOOP 3095000] Data directly out of PE (Before Delay): 00000000000000000000000000000000000000000000000000000000000000000000000000000000000000000000000000000000000000000000000000000000
   [PE SNOOP 3105000] Controller sending Input Row to PE:  01010101010101010101010101010101
   [RAW PE SNOOP 3105000] Data directly out of PE (Before Delay): 00000000000000000000000000000000000000000000000000000000000000000000000000000000000000000000000000000000000000000000000000000000
   [PE SNOOP 3115000] Controller sending Input Row to PE:  01010101010101010101010101010101
   [RAW PE SNOOP 3115000] Data directly out of PE (Before Delay): 00000000000000000000000000000000000000000000000000000000000000000000000000000000000000000000000000000000000000000000000000000000
   [PE SNOOP 3125000] Controller sending Input Row to PE:  01010101010101010101010101010101
   [RAW PE SNOOP 3125000] Data directly out of PE (Before Delay): 00000000000000000000000000000000000000000000000000000000000000000000000000000000000000000000000000000000000000000000000000000000
   [RAW PE SNOOP 3135000] Data directly out of PE (Before Delay): 00000000000000000000000000000000000000000000000000000000000000000000000000000000000000000000000000000000000000000000000000000000
   [RAW PE SNOOP 3145000] Data directly out of PE (Before Delay): 00000000000000000000000000000000000000000000000000000000000000000000000000000000000000000000000000000000000000000000000000000000
   [RAW PE SNOOP 3155000] Data directly out of PE (Before Delay): 00000000000000000000000000000000000000000000000000000000000000000000000000000000000000000000000000000000000000000000000000000000
   [RAW PE SNOOP 3165000] Data directly out of PE (Before Delay): 00000000000000000000000000000000000000000000000000000000000000000000000000000000000000000000000000000000000000000000000000000000
   [RAW PE SNOOP 3175000] Data directly out of PE (Before Delay): 00000000000000000000000000000000000000000000000000000000000000000000000000000000000000000000000000000000000000000000000000000000
   [RAW PE SNOOP 3185000] Data directly out of PE (Before Delay): 00000000000000000000000000000000000000000000000000000000000000000000000000000000000000000000000000000000000000000000000000000000
   [RAW PE SNOOP 3195000] Data directly out of PE (Before Delay): 00000000000000000000000000000000000000000000000000000000000000000000000000000000000000000000000000000000000000000000000000000000
   [RAW PE SNOOP 3205000] Data directly out of PE (Before Delay): 00000000000000000000000000000000000000000000000000000000000000000000000000000000000000000000000000000000000000000000000000000000
   [RAW PE SNOOP 3215000] Data directly out of PE (Before Delay): 00000000000000000000000000000000000000000000000000000000000000000000000000000000000000000000000000000000000000000000000000000000
   [RAW PE SNOOP 3225000] Data directly out of PE (Before Delay): 00000000000000000000000000000000000000000000000000000000000000000000000000000000000000000000000000000000000000000000000000000000
   [RAW PE SNOOP 3235000] Data directly out of PE (Before Delay): 00000000000000000000000000000000000000000000000000000000000000000000000000000000000000000000000000000000000000000000000000000000
   [RAW PE SNOOP 3245000] Data directly out of PE (Before Delay): 00000000000000000000000000000000000000000000000000000000000000000000000000000000000000000000000000000000000000000000000000000000
   [RAW PE SNOOP 3255000] Data directly out of PE (Before Delay): 00000000000000000000000000000000000000000000000000000000000000000000000000000000000000000000000000000000000000000000000000000000
   [RAW PE SNOOP 3265000] Data directly out of PE (Before Delay): 00000000000000000000000000000000000000000000000000000000000000000000000000000000000000000000000000000000000000000000000000000000
   [RAW PE SNOOP 3275000] Data directly out of PE (Before Delay): 00000000000000000000000000000000000000000000000000000000000000000000000000000000000000000000000000000000000000000000000000000000
   [RAW PE SNOOP 3285000] Data directly out of PE (Before Delay): 00000000000000000000000000000000000000000000000000000000000000000000000000000000000000000000000000000000000000000000000000000000
   [RAW PE SNOOP 3295000] Data directly out of PE (Before Delay): 00000000000000000000000000000000000000000000000000000000000000000000000000000000000000000000000000000000000000000000000000000000
   [RAW PE SNOOP 3305000] Data directly out of PE (Before Delay): 00000000000000000000000000000000000000000000000000000000000000000000000000000000000000000000000000000000000000000000000000000000
   [RAW PE SNOOP 3315000] Data directly out of PE (Before Delay): 00000000000000000000000000000000000000000000000000000000000000000000000000000000000000000000000000000000000000000000000000000000
   [RAW PE SNOOP 3325000] Data directly out of PE (Before Delay): 00000000000000000000000000000000000000000000000000000000000000000000000000000000000000000000000000000000000000000000000000000000
   [RAW PE SNOOP 3335000] Data directly out of PE (Before Delay): 00000000000000000000000000000000000000000000000000000000000000000000000000000000000000000000000000000000000000000000000000000000
   [RAW PE SNOOP 3345000] Data directly out of PE (Before Delay): 00000000000000000000000000000000000000000000000000000000000000000000000000000000000000000000000000000000000000000000000000000000
   [RAW PE SNOOP 3355000] Data directly out of PE (Before Delay): 00000000000000000000000000000000000000000000000000000000000000000000000000000000000000000000000000000000000000000000000000000000
   [RAW PE SNOOP 3365000] Data directly out of PE (Before Delay): 00000000000000000000000000000000000000000000000000000000000000000000000000000000000000000000000000000000000000000000000000000000
   [RAW PE SNOOP 3375000] Data directly out of PE (Before Delay): 00000000000000000000000000000000000000000000000000000000000000000000000000000000000000000000000000000000000000000000000000000000
   [RAW PE SNOOP 3385000] Data directly out of PE (Before Delay): 00000000000000000000000000000000000000000000000000000000000000000000000000000000000000000000000000000000000000000000000000000000
   [RAW PE SNOOP 3395000] Data directly out of PE (Before Delay): 00000000000000000000000000000000000000000000000000000000000000000000000000000000000000000000000000000000000000000000000000000000
   [RAW PE SNOOP 3405000] Data directly out of PE (Before Delay): 00000000000000000000000000000000000000000000000000000000000000000000000000000000000000000000000000000000000000000000000000000000
   [RAW PE SNOOP 3415000] Data directly out of PE (Before Delay): 00000000000000000000000000000000000000000000000000000000000000000000000000000000000000000000000000000000000000000000000000000000
   [RAW PE SNOOP 3425000] Data directly out of PE (Before Delay): 00000000000000000000000000000000000000000000000000000000000000000000000000000000000000000000000000000000000000000000000000000000
   [RAW PE SNOOP 3435000] Data directly out of PE (Before Delay): 00000000000000000000000000000000000000000000000000000000000000000000000000000000000000000000000000000000000000000000000000000000
[3435000] CTRL: done_o received! Array finished.
==================================================
[3485000] DMA: Reading Computed Partial Sums from Output FIFO:
   -> Row 0 Output [Col 15 Data]: 00000000 | [Col 0 Data]: 00000000
   -> Row 1 Output [Col 15 Data]: 00000000 | [Col 0 Data]: 00000000
   -> Row 2 Output [Col 15 Data]: 00000000 | [Col 0 Data]: 00000000
   -> Row 3 Output [Col 15 Data]: 00000000 | [Col 0 Data]: 00000000
   -> Row 4 Output [Col 15 Data]: 00000000 | [Col 0 Data]: 00000000
   -> Row 5 Output [Col 15 Data]: 00000000 | [Col 0 Data]: 00000000
   -> Row 6 Output [Col 15 Data]: 00000000 | [Col 0 Data]: 00000000
   -> Row 7 Output [Col 15 Data]: 00000000 | [Col 0 Data]: 00000000
   -> Row 8 Output [Col 15 Data]: 00000000 | [Col 0 Data]: 00000000
   -> Row 9 Output [Col 15 Data]: 00000000 | [Col 0 Data]: 00000000
   -> Row 10 Output [Col 15 Data]: 00000000 | [Col 0 Data]: 00000000
   -> Row 11 Output [Col 15 Data]: 00000000 | [Col 0 Data]: 00000000
   -> Row 12 Output [Col 15 Data]: 00000000 | [Col 0 Data]: 00000000
   -> Row 13 Output [Col 15 Data]: 00000000 | [Col 0 Data]: 00000000
   -> Row 14 Output [Col 15 Data]: 00000000 | [Col 0 Data]: 00000000
   -> Row 15 Output [Col 15 Data]: 00000000 | [Col 0 Data]: 00000000
[3648000] Simulation Complete.
$finish called at time : 3648 ns : File "C:/Users/nguye/Desktop/LAB/Project/systolic_array/systolic_array/systolic_array.srcs/sim_1/new/tb_systolic_array.v" Line 176
